# JRE version: OpenJDK Runtime Environment (8.0_202) (build 1.8.0_202-release-1483-b49-5587405)
# Java VM: OpenJDK 64-Bit Server VM (25.202-b49-5587405 mixed mode linux-amd64 compressed oops)
Heap:
 PSYoungGen      total 387072K, used 264192K [0x00000000e0000000, 0x0000000100000000, 0x0000000100000000)
  eden space 264192K, 100% used [0x00000000e0000000,0x00000000f0200000,0x00000000f0200000)
  from space 122880K, 0% used [0x00000000f0200000,0x00000000f0200000,0x00000000f7a00000)
  to   space 124416K, 0% used [0x00000000f8680000,0x00000000f8680000,0x0000000100000000)
 ParOldGen       total 1048576K, used 1048219K [0x00000000a0000000, 0x00000000e0000000, 0x00000000e0000000)
  object space 1048576K, 99% used [0x00000000a0000000,0x00000000dffa6cd0,0x00000000e0000000)
 Metaspace       used 357498K, capacity 376843K, committed 378584K, reserved 1378304K
  class space    used 46309K, capacity 49913K, committed 50432K, reserved 1048576K
GC Heap History (10 events):
Event: 4368.094 GC heap after
Heap after GC invocations=102 (full 47):
 PSYoungGen      total 387072K, used 261657K [0x00000000e0000000, 0x0000000100000000, 0x0000000100000000)
  eden space 264192K, 99% used [0x00000000e0000000,0x00000000eff86530,0x00000000f0200000)
  from space 122880K, 0% used [0x00000000f0200000,0x00000000f0200000,0x00000000f7a00000)
  to   space 124416K, 0% used [0x00000000f8680000,0x00000000f8680000,0x0000000100000000)
 ParOldGen       total 1048576K, used 1048219K [0x00000000a0000000, 0x00000000e0000000, 0x00000000e0000000)
  object space 1048576K, 99% used [0x00000000a0000000,0x00000000dffa6cd0,0x00000000e0000000)
 Metaspace       used 357490K, capacity 376837K, committed 378584K, reserved 1378304K
  class space    used 46308K, capacity 49912K, committed 50432K, reserved 1048576K
}
Event: 4368.102 GC heap before
{Heap before GC invocations=103 (full 48):
 PSYoungGen      total 387072K, used 264192K [0x00000000e0000000, 0x0000000100000000, 0x0000000100000000)
  eden space 264192K, 100% used [0x00000000e0000000,0x00000000f0200000,0x00000000f0200000)
  from space 122880K, 0% used [0x00000000f0200000,0x00000000f0200000,0x00000000f7a00000)
  to   space 124416K, 0% used [0x00000000f8680000,0x00000000f8680000,0x0000000100000000)
 ParOldGen       total 1048576K, used 1048219K [0x00000000a0000000, 0x00000000e0000000, 0x00000000e0000000)
  object space 1048576K, 99% used [0x00000000a0000000,0x00000000dffa6cd0,0x00000000e0000000)
 Metaspace       used 357490K, capacity 376837K, committed 378584K, reserved 1378304K
  class space    used 46308K, capacity 49912K, committed 50432K, reserved 1048576K
Event: 4372.432 GC heap after
Heap after GC invocations=103 (full 48):
 PSYoungGen      total 387072K, used 219985K [0x00000000e0000000, 0x0000000100000000, 0x0000000100000000)
  eden space 264192K, 83% used [0x00000000e0000000,0x00000000ed6d45a0,0x00000000f0200000)
  from space 122880K, 0% used [0x00000000f0200000,0x00000000f0200000,0x00000000f7a00000)
  to   space 124416K, 0% used [0x00000000f8680000,0x00000000f8680000,0x0000000100000000)
 ParOldGen       total 1048576K, used 1048219K [0x00000000a0000000, 0x00000000e0000000, 0x00000000e0000000)
  object space 1048576K, 99% used [0x00000000a0000000,0x00000000dffa6cd0,0x00000000e0000000)
 Metaspace       used 357490K, capacity 376837K, committed 378584K, reserved 1378304K
  class space    used 46308K, capacity 49912K, committed 50432K, reserved 1048576K
}
Event: 4372.665 GC heap before
{Heap before GC invocations=104 (full 49):
 PSYoungGen      total 387072K, used 264192K [0x00000000e0000000, 0x0000000100000000, 0x0000000100000000)
  eden space 264192K, 100% used [0x00000000e0000000,0x00000000f0200000,0x00000000f0200000)
  from space 122880K, 0% used [0x00000000f0200000,0x00000000f0200000,0x00000000f7a00000)
  to   space 124416K, 0% used [0x00000000f8680000,0x00000000f8680000,0x0000000100000000)
 ParOldGen       total 1048576K, used 1048219K [0x00000000a0000000, 0x00000000e0000000, 0x00000000e0000000)
  object space 1048576K, 99% used [0x00000000a0000000,0x00000000dffa6cd0,0x00000000e0000000)
 Metaspace       used 357497K, capacity 376843K, committed 378584K, reserved 1378304K
  class space    used 46309K, capacity 49913K, committed 50432K, reserved 1048576K
Event: 4378.066 GC heap after
Heap after GC invocations=104 (full 49):
 PSYoungGen      total 387072K, used 246341K [0x00000000e0000000, 0x0000000100000000, 0x0000000100000000)
  eden space 264192K, 93% used [0x00000000e0000000,0x00000000ef0914b0,0x00000000f0200000)
  from space 122880K, 0% used [0x00000000f0200000,0x00000000f0200000,0x00000000f7a00000)
  to   space 124416K, 0% used [0x00000000f8680000,0x00000000f8680000,0x0000000100000000)
 ParOldGen       total 1048576K, used 1048219K [0x00000000a0000000, 0x00000000e0000000, 0x00000000e0000000)
  object space 1048576K, 99% used [0x00000000a0000000,0x00000000dffa6cd0,0x00000000e0000000)
 Metaspace       used 357497K, capacity 376843K, committed 378584K, reserved 1378304K
  class space    used 46309K, capacity 49913K, committed 50432K, reserved 1048576K
}
Event: 4378.099 GC heap before
{Heap before GC invocations=105 (full 50):
 PSYoungGen      total 387072K, used 264192K [0x00000000e0000000, 0x0000000100000000, 0x0000000100000000)
  eden space 264192K, 100% used [0x00000000e0000000,0x00000000f0200000,0x00000000f0200000)
  from space 122880K, 0% used [0x00000000f0200000,0x00000000f0200000,0x00000000f7a00000)
  to   space 124416K, 0% used [0x00000000f8680000,0x00000000f8680000,0x0000000100000000)
 ParOldGen       total 1048576K, used 1048219K [0x00000000a0000000, 0x00000000e0000000, 0x00000000e0000000)
  object space 1048576K, 99% used [0x00000000a0000000,0x00000000dffa6cd0,0x00000000e0000000)
 Metaspace       used 357498K, capacity 376843K, committed 378584K, reserved 1378304K
  class space    used 46309K, capacity 49913K, committed 50432K, reserved 1048576K
Event: 4383.947 GC heap after
Heap after GC invocations=105 (full 50):
 PSYoungGen      total 387072K, used 263147K [0x00000000e0000000, 0x0000000100000000, 0x0000000100000000)
  eden space 264192K, 99% used [0x00000000e0000000,0x00000000f00faf68,0x00000000f0200000)
  from space 122880K, 0% used [0x00000000f0200000,0x00000000f0200000,0x00000000f7a00000)
  to   space 124416K, 0% used [0x00000000f8680000,0x00000000f8680000,0x0000000100000000)
 ParOldGen       total 1048576K, used 1048219K [0x00000000a0000000, 0x00000000e0000000, 0x00000000e0000000)
  object space 1048576K, 99% used [0x00000000a0000000,0x00000000dffa6cd0,0x00000000e0000000)
 Metaspace       used 357498K, capacity 376843K, committed 378584K, reserved 1378304K
  class space    used 46309K, capacity 49913K, committed 50432K, reserved 1048576K
}
Event: 4383.953 GC heap before
{Heap before GC invocations=106 (full 51):
 PSYoungGen      total 387072K, used 264192K [0x00000000e0000000, 0x0000000100000000, 0x0000000100000000)
  eden space 264192K, 100% used [0x00000000e0000000,0x00000000f0200000,0x00000000f0200000)
  from space 122880K, 0% used [0x00000000f0200000,0x00000000f0200000,0x00000000f7a00000)
  to   space 124416K, 0% used [0x00000000f8680000,0x00000000f8680000,0x0000000100000000)
 ParOldGen       total 1048576K, used 1048219K [0x00000000a0000000, 0x00000000e0000000, 0x00000000e0000000)
  object space 1048576K, 99% used [0x00000000a0000000,0x00000000dffa6cd0,0x00000000e0000000)
 Metaspace       used 357498K, capacity 376843K, committed 378584K, reserved 1378304K
  class space    used 46309K, capacity 49913K, committed 50432K, reserved 1048576K
Event: 4389.531 GC heap after
Heap after GC invocations=106 (full 51):
 PSYoungGen      total 387072K, used 264011K [0x00000000e0000000, 0x0000000100000000, 0x0000000100000000)
  eden space 264192K, 99% used [0x00000000e0000000,0x00000000f01d2da8,0x00000000f0200000)
  from space 122880K, 0% used [0x00000000f0200000,0x00000000f0200000,0x00000000f7a00000)
  to   space 124416K, 0% used [0x00000000f8680000,0x00000000f8680000,0x0000000100000000)
 ParOldGen       total 1048576K, used 1048219K [0x00000000a0000000, 0x00000000e0000000, 0x00000000e0000000)
  object space 1048576K, 99% used [0x00000000a0000000,0x00000000dffa6cd0,0x00000000e0000000)
 Metaspace       used 357498K, capacity 376843K, committed 378584K, reserved 1378304K
  class space    used 46309K, capacity 49913K, committed 50432K, reserved 1048576K
}
Event: 4389.532 GC heap before
{Heap before GC invocations=107 (full 52):
 PSYoungGen      total 387072K, used 264192K [0x00000000e0000000, 0x0000000100000000, 0x0000000100000000)
  eden space 264192K, 100% used [0x00000000e0000000,0x00000000f0200000,0x00000000f0200000)
  from space 122880K, 0% used [0x00000000f0200000,0x00000000f0200000,0x00000000f7a00000)
  to   space 124416K, 0% used [0x00000000f8680000,0x00000000f8680000,0x0000000100000000)
 ParOldGen       total 1048576K, used 1048219K [0x00000000a0000000, 0x00000000e0000000, 0x00000000e0000000)
  object space 1048576K, 99% used [0x00000000a0000000,0x00000000dffa6cd0,0x00000000e0000000)
 Metaspace       used 357498K, capacity 376843K, committed 378584K, reserved 1378304K
  class space    used 46309K, capacity 49913K, committed 50432K, reserved 1048576K

