# JRE version: OpenJDK Runtime Environment (8.0_202) (build 1.8.0_202-release-1483-b49-5587405)
# Java VM: OpenJDK 64-Bit Server VM (25.202-b49-5587405 mixed mode linux-amd64 compressed oops)
Heap:
 PSYoungGen      total 133120K, used 16670K [0x00000000e0000000, 0x00000000ebb80000, 0x0000000100000000)
  eden space 118784K, 1% used [0x00000000e0000000,0x00000000e024ac20,0x00000000e7400000)
  from space 14336K, 99% used [0x00000000e7400000,0x00000000e81fcfa8,0x00000000e8200000)
  to   space 17408K, 0% used [0x00000000eaa80000,0x00000000eaa80000,0x00000000ebb80000)
 ParOldGen       total 104960K, used 20162K [0x00000000a0000000, 0x00000000a6680000, 0x00000000e0000000)
  object space 104960K, 19% used [0x00000000a0000000,0x00000000a13b0b60,0x00000000a6680000)
 Metaspace       used 51648K, capacity 53014K, committed 53208K, reserved 1095680K
  class space    used 7011K, capacity 7393K, committed 7424K, reserved 1048576K
GC Heap History (10 events):
Event: 20.821 GC heap before
{Heap before GC invocations=9 (full 1):
 PSYoungGen      total 85504K, used 82688K [0x00000000e0000000, 0x00000000e6e00000, 0x0000000100000000)
  eden space 74752K, 100% used [0x00000000e0000000,0x00000000e4900000,0x00000000e4900000)
  from space 10752K, 73% used [0x00000000e4900000,0x00000000e50c0398,0x00000000e5380000)
  to   space 10752K, 0% used [0x00000000e6380000,0x00000000e6380000,0x00000000e6e00000)
 ParOldGen       total 71680K, used 8078K [0x00000000a0000000, 0x00000000a4600000, 0x00000000e0000000)
  object space 71680K, 11% used [0x00000000a0000000,0x00000000a07e3a18,0x00000000a4600000)
 Metaspace       used 34075K, capacity 34696K, committed 35072K, reserved 1079296K
  class space    used 4699K, capacity 4855K, committed 4864K, reserved 1048576K
Event: 20.878 GC heap after
Heap after GC invocations=9 (full 1):
 PSYoungGen      total 99840K, used 10729K [0x00000000e0000000, 0x00000000e8600000, 0x0000000100000000)
  eden space 89088K, 0% used [0x00000000e0000000,0x00000000e0000000,0x00000000e5700000)
  from space 10752K, 99% used [0x00000000e6380000,0x00000000e6dfa780,0x00000000e6e00000)
  to   space 12800K, 0% used [0x00000000e5700000,0x00000000e5700000,0x00000000e6380000)
 ParOldGen       total 71680K, used 9778K [0x00000000a0000000, 0x00000000a4600000, 0x00000000e0000000)
  object space 71680K, 13% used [0x00000000a0000000,0x00000000a098cb78,0x00000000a4600000)
 Metaspace       used 34075K, capacity 34696K, committed 35072K, reserved 1079296K
  class space    used 4699K, capacity 4855K, committed 4864K, reserved 1048576K
}
Event: 21.415 GC heap before
{Heap before GC invocations=10 (full 1):
 PSYoungGen      total 99840K, used 18661K [0x00000000e0000000, 0x00000000e8600000, 0x0000000100000000)
  eden space 89088K, 8% used [0x00000000e0000000,0x00000000e07bee70,0x00000000e5700000)
  from space 10752K, 99% used [0x00000000e6380000,0x00000000e6dfa780,0x00000000e6e00000)
  to   space 12800K, 0% used [0x00000000e5700000,0x00000000e5700000,0x00000000e6380000)
 ParOldGen       total 71680K, used 9778K [0x00000000a0000000, 0x00000000a4600000, 0x00000000e0000000)
  object space 71680K, 13% used [0x00000000a0000000,0x00000000a098cb78,0x00000000a4600000)
 Metaspace       used 34656K, capacity 35210K, committed 35416K, reserved 1079296K
  class space    used 4751K, capacity 4900K, committed 4992K, reserved 1048576K
Event: 21.432 GC heap after
Heap after GC invocations=10 (full 1):
 PSYoungGen      total 101888K, used 9646K [0x00000000e0000000, 0x00000000e9000000, 0x0000000100000000)
  eden space 89088K, 0% used [0x00000000e0000000,0x00000000e0000000,0x00000000e5700000)
  from space 12800K, 75% used [0x00000000e5700000,0x00000000e606ba08,0x00000000e6380000)
  to   space 13312K, 0% used [0x00000000e8300000,0x00000000e8300000,0x00000000e9000000)
 ParOldGen       total 71680K, used 9786K [0x00000000a0000000, 0x00000000a4600000, 0x00000000e0000000)
  object space 71680K, 13% used [0x00000000a0000000,0x00000000a098eb78,0x00000000a4600000)
 Metaspace       used 34656K, capacity 35210K, committed 35416K, reserved 1079296K
  class space    used 4751K, capacity 4900K, committed 4992K, reserved 1048576K
}
Event: 21.432 GC heap before
{Heap before GC invocations=11 (full 2):
 PSYoungGen      total 101888K, used 9646K [0x00000000e0000000, 0x00000000e9000000, 0x0000000100000000)
  eden space 89088K, 0% used [0x00000000e0000000,0x00000000e0000000,0x00000000e5700000)
  from space 12800K, 75% used [0x00000000e5700000,0x00000000e606ba08,0x00000000e6380000)
  to   space 13312K, 0% used [0x00000000e8300000,0x00000000e8300000,0x00000000e9000000)
 ParOldGen       total 71680K, used 9786K [0x00000000a0000000, 0x00000000a4600000, 0x00000000e0000000)
  object space 71680K, 13% used [0x00000000a0000000,0x00000000a098eb78,0x00000000a4600000)
 Metaspace       used 34656K, capacity 35210K, committed 35416K, reserved 1079296K
  class space    used 4751K, capacity 4900K, committed 4992K, reserved 1048576K
Event: 21.559 GC heap after
Heap after GC invocations=11 (full 2):
 PSYoungGen      total 101888K, used 0K [0x00000000e0000000, 0x00000000e9000000, 0x0000000100000000)
  eden space 89088K, 0% used [0x00000000e0000000,0x00000000e0000000,0x00000000e5700000)
  from space 12800K, 0% used [0x00000000e5700000,0x00000000e5700000,0x00000000e6380000)
  to   space 13312K, 0% used [0x00000000e8300000,0x00000000e8300000,0x00000000e9000000)
 ParOldGen       total 104960K, used 16313K [0x00000000a0000000, 0x00000000a6680000, 0x00000000e0000000)
  object space 104960K, 15% used [0x00000000a0000000,0x00000000a0fee488,0x00000000a6680000)
 Metaspace       used 34656K, capacity 35210K, committed 35416K, reserved 1079296K
  class space    used 4751K, capacity 4900K, committed 4992K, reserved 1048576K
}
Event: 25.166 GC heap before
{Heap before GC invocations=12 (full 2):
 PSYoungGen      total 101888K, used 89088K [0x00000000e0000000, 0x00000000e9000000, 0x0000000100000000)
  eden space 89088K, 100% used [0x00000000e0000000,0x00000000e5700000,0x00000000e5700000)
  from space 12800K, 0% used [0x00000000e5700000,0x00000000e5700000,0x00000000e6380000)
  to   space 13312K, 0% used [0x00000000e8300000,0x00000000e8300000,0x00000000e9000000)
 ParOldGen       total 104960K, used 16313K [0x00000000a0000000, 0x00000000a6680000, 0x00000000e0000000)
  object space 104960K, 15% used [0x00000000a0000000,0x00000000a0fee488,0x00000000a6680000)
 Metaspace       used 44100K, capacity 44944K, committed 45272K, reserved 1089536K
  class space    used 5928K, capacity 6136K, committed 6144K, reserved 1048576K
Event: 25.187 GC heap after
Heap after GC invocations=12 (full 2):
 PSYoungGen      total 131584K, used 13236K [0x00000000e0000000, 0x00000000e9000000, 0x0000000100000000)
  eden space 118272K, 0% used [0x00000000e0000000,0x00000000e0000000,0x00000000e7380000)
  from space 13312K, 99% used [0x00000000e8300000,0x00000000e8fed3c8,0x00000000e9000000)
  to   space 14336K, 0% used [0x00000000e7400000,0x00000000e7400000,0x00000000e8200000)
 ParOldGen       total 104960K, used 16321K [0x00000000a0000000, 0x00000000a6680000, 0x00000000e0000000)
  object space 104960K, 15% used [0x00000000a0000000,0x00000000a0ff0488,0x00000000a6680000)
 Metaspace       used 44100K, capacity 44944K, committed 45272K, reserved 1089536K
  class space    used 5928K, capacity 6136K, committed 6144K, reserved 1048576K
}
Event: 28.548 GC heap before
{Heap before GC invocations=13 (full 2):
 PSYoungGen      total 131584K, used 131508K [0x00000000e0000000, 0x00000000e9000000, 0x0000000100000000)
  eden space 118272K, 100% used [0x00000000e0000000,0x00000000e7380000,0x00000000e7380000)
  from space 13312K, 99% used [0x00000000e8300000,0x00000000e8fed3c8,0x00000000e9000000)
  to   space 14336K, 0% used [0x00000000e7400000,0x00000000e7400000,0x00000000e8200000)
 ParOldGen       total 104960K, used 16321K [0x00000000a0000000, 0x00000000a6680000, 0x00000000e0000000)
  object space 104960K, 15% used [0x00000000a0000000,0x00000000a0ff0488,0x00000000a6680000)
 Metaspace       used 51543K, capacity 52912K, committed 53208K, reserved 1095680K
  class space    used 7002K, capacity 7360K, committed 7424K, reserved 1048576K
Event: 28.591 GC heap after
Heap after GC invocations=13 (full 2):
 PSYoungGen      total 133120K, used 14323K [0x00000000e0000000, 0x00000000ebb80000, 0x0000000100000000)
  eden space 118784K, 0% used [0x00000000e0000000,0x00000000e0000000,0x00000000e7400000)
  from space 14336K, 99% used [0x00000000e7400000,0x00000000e81fcfa8,0x00000000e8200000)
  to   space 17408K, 0% used [0x00000000eaa80000,0x00000000eaa80000,0x00000000ebb80000)
 ParOldGen       total 104960K, used 20162K [0x00000000a0000000, 0x00000000a6680000, 0x00000000e0000000)
  object space 104960K, 19% used [0x00000000a0000000,0x00000000a13b0b60,0x00000000a6680000)
 Metaspace       used 51543K, capacity 52912K, committed 53208K, reserved 1095680K
  class space    used 7002K, capacity 7360K, committed 7424K, reserved 1048576K
}

